  [4;36;1mSQL (0.3ms)[0m   [0;1mSET NAMES 'utf8'[0m
  [4;35;1mSQL (0.1ms)[0m   [0mSET SQL_AUTO_IS_NULL=0[0m
  [4;36;1mSQL (9.8ms)[0m   [0;1mSHOW TABLES[0m
  [4;35;1mSQL (92.8ms)[0m   [0mCREATE TABLE `schema_migrations` (`version` varchar(255) NOT NULL) ENGINE=InnoDB[0m
  [4;36;1mSQL (5.3ms)[0m   [0;1mCREATE UNIQUE INDEX `unique_schema_migrations` ON `schema_migrations` (`version`)[0m
  [4;35;1mSQL (0.4ms)[0m   [0mSHOW TABLES[0m
  [4;36;1mSQL (0.4ms)[0m   [0;1mSELECT version FROM schema_migrations[0m
Migrating to CreateTasks (20090518021258)
  [4;35;1mSQL (2.5ms)[0m   [0mCREATE TABLE `tasks` (`id` int(11) DEFAULT NULL auto_increment PRIMARY KEY, `release_id` int(11), `title` varchar(255), `description` text, `directions` text, `assets` text, `execute_at` datetime, `completed_at` datetime, `owner` varchar(255), `depends_on` int(11), `completion_state` int(11), `created_at` datetime, `updated_at` datetime) ENGINE=InnoDB[0m
  [4;36;1mSQL (0.7ms)[0m   [0;1mINSERT INTO schema_migrations (version) VALUES ('20090518021258')[0m
  [4;35;1mSQL (0.4ms)[0m   [0mSHOW TABLES[0m
  [4;36;1mSQL (4.8ms)[0m   [0;1mSELECT version FROM schema_migrations[0m
  [4;35;1mSQL (0.4ms)[0m   [0mSHOW TABLES[0m
  [4;36;1mSQL (40.7ms)[0m   [0;1mSHOW FIELDS FROM `tasks`[0m
  [4;35;1mSQL (2.2ms)[0m   [0mdescribe `tasks`[0m
  [4;36;1mSQL (0.6ms)[0m   [0;1mSHOW KEYS FROM `tasks`[0m
  [4;36;1mSQL (0.2ms)[0m   [0;1mSET NAMES 'utf8'[0m
  [4;35;1mSQL (0.1ms)[0m   [0mSET SQL_AUTO_IS_NULL=0[0m
  [4;36;1mSQL (0.6ms)[0m   [0;1mSHOW TABLES[0m
  [4;35;1mSQL (0.1ms)[0m   [0mSELECT version FROM schema_migrations[0m
  [4;36;1mSQL (0.2ms)[0m   [0;1mSHOW TABLES[0m
  [4;35;1mSQL (74.6ms)[0m   [0mSHOW FIELDS FROM `tasks`[0m
  [4;36;1mSQL (2.5ms)[0m   [0;1mdescribe `tasks`[0m
  [4;35;1mSQL (0.4ms)[0m   [0mSHOW KEYS FROM `tasks`[0m
  [4;36;1mSQL (0.2ms)[0m   [0;1mSET NAMES 'utf8'[0m
  [4;35;1mSQL (0.1ms)[0m   [0mSET SQL_AUTO_IS_NULL=0[0m
  [4;36;1mSQL (0.6ms)[0m   [0;1mDROP DATABASE IF EXISTS `countdown_test`[0m
  [4;35;1mSQL (0.4ms)[0m   [0mCREATE DATABASE `countdown_test` DEFAULT CHARACTER SET `utf8`[0m
  [4;36;1mSQL (0.1ms)[0m   [0;1mSET NAMES 'utf8'[0m
  [4;35;1mSQL (0.1ms)[0m   [0mSET SQL_AUTO_IS_NULL=0[0m
  [4;36;1mSQL (0.4ms)[0m   [0;1mSHOW TABLES[0m
  [4;35;1mSQL (2.4ms)[0m   [0mCREATE TABLE `tasks` (`id` int(11) DEFAULT NULL auto_increment PRIMARY KEY, `release_id` int(11), `title` varchar(255), `description` text, `directions` text, `assets` text, `execute_at` datetime, `completed_at` datetime, `owner` varchar(255), `depends_on` int(11), `completion_state` int(11), `created_at` datetime, `updated_at` datetime) ENGINE=InnoDB[0m
  [4;36;1mSQL (0.3ms)[0m   [0;1mSHOW TABLES[0m
  [4;35;1mSQL (1.8ms)[0m   [0mCREATE TABLE `schema_migrations` (`version` varchar(255) NOT NULL) ENGINE=InnoDB[0m
  [4;36;1mSQL (27.9ms)[0m   [0;1mCREATE UNIQUE INDEX `unique_schema_migrations` ON `schema_migrations` (`version`)[0m
  [4;35;1mSQL (0.4ms)[0m   [0mSHOW TABLES[0m
  [4;36;1mSQL (0.4ms)[0m   [0;1mSELECT version FROM `schema_migrations`[0m
  [4;35;1mSQL (0.7ms)[0m   [0mINSERT INTO `schema_migrations` (version) VALUES ('20090518021258')[0m
